<?xml version="1.0" encoding="UTF-8"?>
<testng-results ignored="0" total="1" passed="1" failed="0" skipped="0">
  <reporter-output>
  </reporter-output>
  <suite started-at="2022-09-08T10:24:19 IST" name="Default suite" finished-at="2022-09-08T10:25:08 IST" duration-ms="48494">
    <groups>
    </groups>
    <test started-at="2022-09-08T10:24:19 IST" name="Default test" finished-at="2022-09-08T10:25:08 IST" duration-ms="48494">
      <class name="crudOperationUsingFramework.AutomateEndToEndScenarioTest">
        <test-method signature="automateEndToEndScenario()[pri:0, instance:crudOperationUsingFramework.AutomateEndToEndScenarioTest@4b0d79fc]" started-at="2022-09-08T10:24:19 IST" name="automateEndToEndScenario" finished-at="2022-09-08T10:25:08 IST" duration-ms="48369" status="PASS">
          <reporter-output>
          </reporter-output>
        </test-method> <!-- automateEndToEndScenario -->
      </class> <!-- crudOperationUsingFramework.AutomateEndToEndScenarioTest -->
    </test> <!-- Default test -->
  </suite> <!-- Default suite -->
</testng-results>
